<?xml version="1.0" encoding="UTF-8"?>
<beans xmlns="http://www.springframework.org/schema/beans" xmlns:xsi="http://www.w3.org/2001/XMLSchema-instance" xmlns:context="http://www.springframework.org/schema/context"
	xmlns:aop="http://www.springframework.org/schema/aop" xmlns:tx="http://www.springframework.org/schema/tx"
	xsi:schemaLocation="http://www.springframework.org/schema/beans 
           http://www.springframework.org/schema/beans/spring-beans-3.0.xsd
           http://www.springframework.org/schema/context
           http://www.springframework.org/schema/context/spring-context-3.0.xsd
           http://www.springframework.org/schema/aop http://www.springframework.org/schema/aop/spring-aop-3.0.xsd
           http://www.springframework.org/schema/tx http://www.springframework.org/schema/tx/spring-tx-3.0.xsd">

	<context:component-scan base-package="com.kvc.joy">
		<context:exclude-filter type="aspectj" expression="com.kvc.joy.**.web" />
	</context:component-scan>


	<bean class="org.springframework.beans.factory.config.PropertyPlaceholderConfigurer">
		<property name="locations">
			<list>
				<value>classpath*:/conf/joy.properties</value>
			</list>
		</property>
	</bean>

	<!-- 业务库数据源定义 -->
	<bean id="dataSource" class="org.apache.commons.dbcp.BasicDataSource"
		lazy-init="default" destroy-method="close">
		<property name="driverClassName" value="${junit.db.driverClassName}" />
		<property name="url" value="${junit.db.url}" />
		<property name="username" value="${junit.db.username}" />
		<property name="password" value="${junit.db.password}" />
		<!-- <property name="defaultAutoCommit" value="false" /> -->
	</bean>

	<!-- 业务库JDBC模版 -->
	<bean id="jdbcTemplate" class="org.springframework.jdbc.core.JdbcTemplate">
		<property name="dataSource">
			<ref local="dataSource" />
		</property>
	</bean>

	<!-- 定义一个切入点，使事务在它的切入点内有效 -->
	<aop:config>
		<aop:pointcut id="crudMethos" expression="execution(* com.kvc.joy.*..service.impl.*.*(..))" />
		<aop:advisor advice-ref="txAdvice" pointcut-ref="crudMethos" />
	</aop:config>
	<tx:advice id="txAdvice" transaction-manager="transactionManager">
		<tx:attributes>
			<tx:method name="add*" propagation="REQUIRED" />
			<tx:method name="update*" propagation="REQUIRED" />
			<tx:method name="delete*" propagation="REQUIRED" />
			<tx:method name="*" read-only="true" />
		</tx:attributes>
	</tx:advice>

	<!-- <bean id="simpleUrlHandlerMapping" class="org.springframework.web.servlet.handler.SimpleUrlHandlerMapping"> <property name="interceptors"> <list> 
		<ref bean="openEntityManagerInViewInterceptor" /> </list> </property> <property name="mappings"> <props> <prop key="hello.html"> helloController </prop> 
		<prop key="login.html"> loginAction </prop> <prop key="userManager.html"> userController </prop> <prop key="userList.html"> userListController </prop> 
		</props> </property> </bean> -->

	<!-- Spring拦截器(AOP) -->
	<bean class="org.springframework.aop.framework.autoproxy.BeanNameAutoProxyCreator">
		<property name="beanNames">
			<value>dataSource</value>
		</property>
		<property name="interceptorNames">
			<list>
				<value>dataSourceAdvice</value>
			</list>
		</property>
	</bean>

	<!-- 数据源通知，主要为了设置AutoCommit为false -->
	<bean id="dataSourceAdvice" class="com.kvc.joy.core.persistence.support.DataSourceAdvice">
		<property name="autoCommit">
			<value>${db.autoCommit}</value>
		</property>
	</bean>

	<tx:annotation-driven transaction-manager="transactionManager" />

	<bean id="txDefinition" class="org.springframework.transaction.support.DefaultTransactionDefinition">
		<property name="propagationBehaviorName" value="PROPAGATION_REQUIRED"></property>
	</bean>

	<import resource="test-jpa.xml" />


</beans>